<?xml version="1.0" encoding="UTF-8"?>
<testsuite xmlns:xsi="http://www.w3.org/2001/XMLSchema-instance" xsi:noNamespaceSchemaLocation="https://maven.apache.org/surefire/maven-surefire-plugin/xsd/surefire-test-report.xsd" name="Login functionality" time="36.142" tests="5" errors="0" skipped="0" failures="0">
  <properties>
[...]
</properties>
  <testcase name="Login with valid credentials" classname="Login functionality" time="6.968"/>
  <testcase name="Login with invalid credentials" classname="Login functionality" time="6.661"/>
  <testcase name="Login with valid email and invalid password" classname="Login functionality" time="8.565"/>
  <testcase name="Login with invalid username and valid password" classname="Login functionality" time="6.414"/>
  <testcase name="Login without providing any credentials" classname="Login functionality" time="7.532"/>
</testsuite>